INFO: 01/25/2021 09:15:12 AM MESSAGE: Beginning to DESTROY site Bangalore(16115644271850196)..
INFO: 01/25/2021 09:15:13 AM MESSAGE: Un-assigning Element ION-SPOKE-3k(a28d1542-f610-abd1-c741-97a1cd6d0045) bound to 16115644271850196.
INFO: 01/25/2021 09:15:13 AM MESSAGE:  Removing LAN Networks/WAN Interfaces from 3.
INFO: 01/25/2021 09:15:14 AM MESSAGE:  Removing LAN Networks/WAN Interfaces from 6.
INFO: 01/25/2021 09:15:14 AM MESSAGE:  Removing LAN Networks/WAN Interfaces from 4.
INFO: 01/25/2021 09:15:14 AM MESSAGE:  Removing LAN Networks/WAN Interfaces from controller 1.
INFO: 01/25/2021 09:15:15 AM MESSAGE:  Removing LAN Networks/WAN Interfaces from 5.1001.
INFO: 01/25/2021 09:15:15 AM MESSAGE:  Removing LAN Networks/WAN Interfaces from 5.
INFO: 01/25/2021 09:15:15 AM MESSAGE:  Removing LAN Networks/WAN Interfaces from 1.
INFO: 01/25/2021 09:15:18 AM MESSAGE:  Removing LAN Networks/WAN Interfaces from 2.
INFO: 01/25/2021 09:15:18 AM MESSAGE:  Removing any leftover Element Security Zones and Spoke HA from ION-SPOKE-3k:
INFO: 01/25/2021 09:15:19 AM MESSAGE:    No Change for Spoke HA in Element ION-SPOKE-3k.
INFO: 01/25/2021 09:15:20 AM MESSAGE:  Deleting Unconfigured Waninterface Circuit to AIRTEL-boradband-network1.
INFO: 01/25/2021 09:15:22 AM MESSAGE: Disabling site..
INFO: 01/25/2021 09:15:22 AM MESSAGE: Updated Site Bangalore to state disabled.
INFO: 01/25/2021 09:15:23 AM MESSAGE: Deleting Site Bangalore..
INFO: 01/25/2021 09:15:25 AM MESSAGE: DONE
INFO: 01/25/2021 09:21:03 AM MESSAGE: Beginning to DESTROY site Bangalore(16115661625260050)..
INFO: 01/25/2021 09:21:03 AM MESSAGE: Un-assigning Element ION-SPOKE-3k(a28d1542-f610-abd1-c741-97a1cd6d0045) bound to 16115661625260050.
INFO: 01/25/2021 09:21:04 AM MESSAGE:  Removing LAN Networks/WAN Interfaces from 3.
INFO: 01/25/2021 09:21:05 AM MESSAGE:  Removing LAN Networks/WAN Interfaces from 6.
INFO: 01/25/2021 09:21:05 AM MESSAGE:  Removing LAN Networks/WAN Interfaces from 4.
INFO: 01/25/2021 09:21:05 AM MESSAGE:  Removing LAN Networks/WAN Interfaces from controller 1.
INFO: 01/25/2021 09:21:06 AM MESSAGE:  Removing LAN Networks/WAN Interfaces from 5.1001.
INFO: 01/25/2021 09:21:06 AM MESSAGE:  Removing LAN Networks/WAN Interfaces from 5.
INFO: 01/25/2021 09:21:06 AM MESSAGE:  Removing LAN Networks/WAN Interfaces from 1.
INFO: 01/25/2021 09:21:07 AM MESSAGE:  Removing LAN Networks/WAN Interfaces from 2.
INFO: 01/25/2021 09:21:07 AM MESSAGE:  Removing any leftover Element Security Zones and Spoke HA from ION-SPOKE-3k:
INFO: 01/25/2021 09:21:07 AM MESSAGE:    No Change for Spoke HA in Element ION-SPOKE-3k.
INFO: 01/25/2021 09:21:08 AM MESSAGE:  Deleting Unconfigured Waninterface Circuit to AIRTEL-boradband-network1.
INFO: 01/25/2021 09:21:08 AM MESSAGE: Disabling site..
INFO: 01/25/2021 09:21:09 AM MESSAGE: Updated Site Bangalore to state disabled.
INFO: 01/25/2021 09:21:09 AM MESSAGE:   Element ION-SPOKE-3k not yet in requested state(s): ready, declaim_in_progress (is unbound_in_progress). Waited so far 0 seconds out of 5.
ERROR: 01/25/2021 09:21:15 AM ERROR: Element ION-SPOKE-3k state transition took longer than 5 seconds. Exiting.
INFO: 01/25/2021 09:21:27 AM MESSAGE: Beginning to DESTROY site Bangalore(16115661625260050)..
INFO: 01/25/2021 09:21:27 AM MESSAGE: Un-assigning Element ION-SPOKE-3k(a28d1542-f610-abd1-c741-97a1cd6d0045) bound to 16115661625260050.
ERROR: 01/25/2021 09:21:27 AM ERROR: Could not get list of Element ION-SPOKE-3k interfaces: 
REQUEST: GET /v4.9/api/tenants/100/sites/16115661625260050/elements/16091366545090253/interfaces
REQUEST HEADERS:
	User-Agent: python-requests/2.25.1 (CGX SDK v5.4.3b1)
	Accept-Encoding: gzip, deflate
	Accept: application/json
	Connection: keep-alive
	X-Auth-Token: <SENSITIVE - NOT SHOWN BY DEFAULT>
REQUEST BODY:
{}

RESPONSE: 400 Bad Request
RESPONSE HEADERS:
	Server: nginx
	Date: Mon, 25 Jan 2021 09:21:27 GMT
	Content-Type: application/json; charset=utf-8
	Content-Length: 234
	Connection: keep-alive
	Content-Security-Policy: default-src 'self'
	X-Content-Type-Options: nosniff
	X-Frame-Options: DENY
	X-Permitted-Cross-Domain-Policies: master-only
	X-XSS-Protection: 1; mode=block
RESPONSE DATA:
{
    "_etag": 0,
    "_content_length": "0",
    "_schema": 0,
    "_created_on_utc": 0,
    "_updated_on_utc": 0,
    "_status_code": "400",
    "_request_id": "1611566487518017699999369808967166617142",
    "_error": [
        {
            "code": "ELEMENT_NOT_FOUND",
            "message": "Element not found."
        }
    ]
}
INFO: 01/25/2021 09:23:32 AM MESSAGE: Beginning to DESTROY site Bangalore(16115661625260050)..
INFO: 01/25/2021 09:23:32 AM MESSAGE: Un-assigning Element ION-SPOKE-3k(a28d1542-f610-abd1-c741-97a1cd6d0045) bound to 16115661625260050.
INFO: 01/25/2021 09:23:33 AM MESSAGE:  Removing LAN Networks/WAN Interfaces from 3.
INFO: 01/25/2021 09:23:33 AM MESSAGE:  Removing LAN Networks/WAN Interfaces from 1.
INFO: 01/25/2021 09:23:34 AM MESSAGE:  Removing LAN Networks/WAN Interfaces from 6.
INFO: 01/25/2021 09:23:34 AM MESSAGE:  Removing LAN Networks/WAN Interfaces from 4.
INFO: 01/25/2021 09:23:35 AM MESSAGE:  Removing LAN Networks/WAN Interfaces from controller 1.
INFO: 01/25/2021 09:23:35 AM MESSAGE:  Removing LAN Networks/WAN Interfaces from 5.
INFO: 01/25/2021 09:23:35 AM MESSAGE:  Removing LAN Networks/WAN Interfaces from 2.
INFO: 01/25/2021 09:23:36 AM MESSAGE:  Removing any leftover Element Security Zones and Spoke HA from ION-SPOKE-3k:
INFO: 01/25/2021 09:23:36 AM MESSAGE:    No Change for Spoke HA in Element ION-SPOKE-3k.
INFO: 01/25/2021 09:23:38 AM MESSAGE:  Deleting Unconfigured Waninterface Circuit to AIRTEL-boradband-network1.
INFO: 01/25/2021 09:23:39 AM MESSAGE: Disabling site..
INFO: 01/25/2021 09:23:39 AM MESSAGE: Updated Site Bangalore to state disabled.
INFO: 01/25/2021 09:23:39 AM MESSAGE:   Element ION-SPOKE-3k not yet in requested state(s): ready, declaim_in_progress (is unbound_in_progress). Waited so far 0 seconds out of 5.
ERROR: 01/25/2021 09:23:45 AM ERROR: Element ION-SPOKE-3k state transition took longer than 5 seconds. Exiting.
INFO: 01/25/2021 09:24:08 AM MESSAGE: Beginning to DESTROY site Bangalore(16115661625260050)..
INFO: 01/25/2021 09:24:09 AM MESSAGE: Un-assigning Element ION-SPOKE-3k(a28d1542-f610-abd1-c741-97a1cd6d0045) bound to 16115661625260050.
ERROR: 01/25/2021 09:24:09 AM ERROR: Could not get list of Element ION-SPOKE-3k interfaces: 
REQUEST: GET /v4.9/api/tenants/100/sites/16115661625260050/elements/16091366545090253/interfaces
REQUEST HEADERS:
	User-Agent: python-requests/2.25.1 (CGX SDK v5.4.3b1)
	Accept-Encoding: gzip, deflate
	Accept: application/json
	Connection: keep-alive
	X-Auth-Token: <SENSITIVE - NOT SHOWN BY DEFAULT>
REQUEST BODY:
{}

RESPONSE: 400 Bad Request
RESPONSE HEADERS:
	Server: nginx
	Date: Mon, 25 Jan 2021 09:24:09 GMT
	Content-Type: application/json; charset=utf-8
	Content-Length: 234
	Connection: keep-alive
	Content-Security-Policy: default-src 'self'
	X-Content-Type-Options: nosniff
	X-Frame-Options: DENY
	X-Permitted-Cross-Domain-Policies: master-only
	X-XSS-Protection: 1; mode=block
RESPONSE DATA:
{
    "_etag": 0,
    "_content_length": "0",
    "_schema": 0,
    "_created_on_utc": 0,
    "_updated_on_utc": 0,
    "_status_code": "400",
    "_request_id": "1611566649752009099997671031706715068946",
    "_error": [
        {
            "code": "ELEMENT_NOT_FOUND",
            "message": "Element not found."
        }
    ]
}
INFO: 01/25/2021 09:30:36 AM MESSAGE: Beginning to DESTROY site Bangalore(16115661625260050)..
INFO: 01/25/2021 09:30:36 AM MESSAGE: Un-assigning Element ION-SPOKE-3k(a28d1542-f610-abd1-c741-97a1cd6d0045) bound to 16115661625260050.
INFO: 01/25/2021 09:30:38 AM MESSAGE:  Removing LAN Networks/WAN Interfaces from 3.
INFO: 01/25/2021 09:30:39 AM MESSAGE:  Removing LAN Networks/WAN Interfaces from 6.
INFO: 01/25/2021 09:30:39 AM MESSAGE:  Removing LAN Networks/WAN Interfaces from 4.
INFO: 01/25/2021 09:30:40 AM MESSAGE:  Removing LAN Networks/WAN Interfaces from controller 1.
INFO: 01/25/2021 09:30:41 AM MESSAGE:  Removing LAN Networks/WAN Interfaces from 5.1001.
INFO: 01/25/2021 09:30:42 AM MESSAGE:  Removing LAN Networks/WAN Interfaces from 5.
INFO: 01/25/2021 09:30:43 AM MESSAGE:  Removing LAN Networks/WAN Interfaces from 1.
INFO: 01/25/2021 09:30:44 AM MESSAGE:  Removing LAN Networks/WAN Interfaces from 2.
INFO: 01/25/2021 09:30:44 AM MESSAGE:  Removing any leftover Element Security Zones and Spoke HA from ION-SPOKE-3k:
INFO: 01/25/2021 09:30:45 AM MESSAGE:    No Change for Spoke HA in Element ION-SPOKE-3k.
INFO: 01/25/2021 09:30:46 AM MESSAGE:  Deleting Unconfigured Waninterface Circuit to AIRTEL-boradband-network1.
INFO: 01/25/2021 09:30:46 AM MESSAGE: Disabling site..
INFO: 01/25/2021 09:30:47 AM MESSAGE: Updated Site Bangalore to state disabled.
INFO: 01/25/2021 09:30:47 AM MESSAGE: Deleting Site Bangalore..
INFO: 01/25/2021 09:30:48 AM MESSAGE: DONE
INFO: 01/25/2021 09:36:31 AM MESSAGE: Beginning to DESTROY site Bangalore(16115670700510150)..
INFO: 01/25/2021 09:36:32 AM MESSAGE: Un-assigning Element ION-SPOKE-3k(a28d1542-f610-abd1-c741-97a1cd6d0045) bound to 16115670700510150.
INFO: 01/25/2021 09:36:32 AM MESSAGE:  Removing LAN Networks/WAN Interfaces from 3.
INFO: 01/25/2021 09:36:34 AM MESSAGE:  Removing LAN Networks/WAN Interfaces from 6.
INFO: 01/25/2021 09:36:34 AM MESSAGE:  Removing LAN Networks/WAN Interfaces from 4.
INFO: 01/25/2021 09:36:37 AM MESSAGE:  Removing LAN Networks/WAN Interfaces from controller 1.
INFO: 01/25/2021 09:36:38 AM MESSAGE:  Removing LAN Networks/WAN Interfaces from 5.1001.
INFO: 01/25/2021 09:36:38 AM MESSAGE:  Removing LAN Networks/WAN Interfaces from 5.
INFO: 01/25/2021 09:36:38 AM MESSAGE:  Removing LAN Networks/WAN Interfaces from 1.
INFO: 01/25/2021 09:36:39 AM MESSAGE:  Removing LAN Networks/WAN Interfaces from 2.
INFO: 01/25/2021 09:36:39 AM MESSAGE:  Removing any leftover Element Security Zones and Spoke HA from ION-SPOKE-3k:
INFO: 01/25/2021 09:36:40 AM MESSAGE:    No Change for Spoke HA in Element ION-SPOKE-3k.
INFO: 01/25/2021 09:36:41 AM MESSAGE:  Deleting Unconfigured Waninterface Circuit to AIRTEL-boradband-network1.
INFO: 01/25/2021 09:36:41 AM MESSAGE: Disabling site..
INFO: 01/25/2021 09:36:42 AM MESSAGE: Updated Site Bangalore to state disabled.
INFO: 01/25/2021 09:36:43 AM MESSAGE:   Element ION-SPOKE-3k not yet in requested state(s): ready, declaim_in_progress (is unbound_in_progress). Waited so far 0 seconds out of 5.
ERROR: 01/25/2021 09:36:49 AM ERROR: Element ION-SPOKE-3k state transition took longer than 5 seconds. Exiting.
INFO: 01/25/2021 09:38:31 AM MESSAGE: Beginning to DESTROY site Bangalore(16115670700510150)..
INFO: 01/25/2021 09:38:32 AM MESSAGE: Un-assigning Element ION-SPOKE-3k(a28d1542-f610-abd1-c741-97a1cd6d0045) bound to 16115670700510150.
INFO: 01/25/2021 09:38:32 AM MESSAGE:  Removing LAN Networks/WAN Interfaces from 3.
INFO: 01/25/2021 09:40:07 AM MESSAGE: Beginning to DESTROY site Bangalore(16115670700510150)..
INFO: 01/25/2021 09:40:07 AM MESSAGE: Un-assigning Element ION-SPOKE-3k(a28d1542-f610-abd1-c741-97a1cd6d0045) bound to 16115670700510150.
INFO: 01/25/2021 09:40:08 AM MESSAGE:  Removing LAN Networks/WAN Interfaces from 3.
INFO: 01/25/2021 09:40:09 AM MESSAGE:  Removing LAN Networks/WAN Interfaces from 6.
INFO: 01/25/2021 09:40:17 AM MESSAGE:  Removing LAN Networks/WAN Interfaces from 4.
INFO: 01/25/2021 09:40:18 AM MESSAGE:  Removing LAN Networks/WAN Interfaces from controller 1.
INFO: 01/25/2021 09:40:18 AM MESSAGE:  Removing LAN Networks/WAN Interfaces from 5.1001.
INFO: 01/25/2021 09:40:18 AM MESSAGE:  Removing LAN Networks/WAN Interfaces from 5.
INFO: 01/25/2021 09:40:19 AM MESSAGE:  Removing LAN Networks/WAN Interfaces from 1.
INFO: 01/25/2021 09:40:21 AM MESSAGE:  Removing LAN Networks/WAN Interfaces from 2.
INFO: 01/25/2021 09:40:22 AM MESSAGE:  Removing any leftover Element Security Zones and Spoke HA from ION-SPOKE-3k:
INFO: 01/25/2021 09:40:22 AM MESSAGE:    No Change for Spoke HA in Element ION-SPOKE-3k.
INFO: 01/25/2021 09:40:24 AM MESSAGE:  Deleting Unconfigured Waninterface Circuit to AIRTEL-boradband-network1.
INFO: 01/25/2021 09:40:24 AM MESSAGE: Disabling site..
INFO: 01/25/2021 09:40:25 AM MESSAGE: Updated Site Bangalore to state disabled.
INFO: 01/25/2021 09:40:25 AM MESSAGE:   Element ION-SPOKE-3k not yet in requested state(s): ready, declaim_in_progress (is unbound_in_progress). Waited so far 0 seconds out of 5.
ERROR: 01/25/2021 09:40:32 AM ERROR: Element ION-SPOKE-3k state transition took longer than 5 seconds. Exiting.
INFO: 01/25/2021 09:40:54 AM MESSAGE: Beginning to DESTROY site Bangalore(16115670700510150)..
INFO: 01/25/2021 09:40:54 AM MESSAGE: Disabling site..
INFO: 01/25/2021 09:40:54 AM MESSAGE: No Change for Site Bangalore state (disabled).
INFO: 01/25/2021 09:40:54 AM MESSAGE: Deleting Site Bangalore..
INFO: 01/25/2021 09:40:55 AM MESSAGE: DONE
INFO: 01/25/2021 09:45:02 AM MESSAGE: Beginning to DESTROY site Bangalore(16115677151120037)..
INFO: 01/25/2021 09:45:03 AM MESSAGE: Un-assigning Element ION-SPOKE-3k(a28d1542-f610-abd1-c741-97a1cd6d0045) bound to 16115677151120037.
INFO: 01/25/2021 09:45:03 AM MESSAGE:  Removing LAN Networks/WAN Interfaces from 3.
INFO: 01/25/2021 09:45:03 AM MESSAGE:  Removing LAN Networks/WAN Interfaces from 6.
INFO: 01/25/2021 09:45:03 AM MESSAGE:  Removing LAN Networks/WAN Interfaces from 4.
INFO: 01/25/2021 09:45:04 AM MESSAGE:  Removing LAN Networks/WAN Interfaces from controller 1.
INFO: 01/25/2021 09:45:04 AM MESSAGE:  Removing LAN Networks/WAN Interfaces from 5.1001.
INFO: 01/25/2021 09:45:04 AM MESSAGE:  Removing LAN Networks/WAN Interfaces from 5.
INFO: 01/25/2021 09:45:04 AM MESSAGE:  Removing LAN Networks/WAN Interfaces from 1.
INFO: 01/25/2021 09:45:05 AM MESSAGE:  Removing LAN Networks/WAN Interfaces from 2.
INFO: 01/25/2021 09:45:05 AM MESSAGE:  Removing any leftover Element Security Zones and Spoke HA from ION-SPOKE-3k:
INFO: 01/25/2021 09:45:06 AM MESSAGE:    No Change for Spoke HA in Element ION-SPOKE-3k.
INFO: 01/25/2021 09:45:07 AM MESSAGE:  Deleting Unconfigured Waninterface Circuit to AIRTEL-boradband-network1.
INFO: 01/25/2021 09:45:08 AM MESSAGE: Disabling site..
INFO: 01/25/2021 09:45:11 AM MESSAGE: Updated Site Bangalore to state disabled.
INFO: 01/25/2021 09:45:11 AM MESSAGE: Deleting Site Bangalore..
INFO: 01/25/2021 09:45:12 AM MESSAGE: DONE
INFO: 01/25/2021 09:46:00 AM MESSAGE: Beginning to DESTROY site Bangalore(16115679349080006)..
INFO: 01/25/2021 09:46:00 AM MESSAGE: Un-assigning Element ION-SPOKE-3k(a28d1542-f610-abd1-c741-97a1cd6d0045) bound to 16115679349080006.
INFO: 01/25/2021 09:46:00 AM MESSAGE:  Removing LAN Networks/WAN Interfaces from 3.
INFO: 01/25/2021 09:48:17 AM MESSAGE: Beginning to DESTROY site Bangalore(16115679349080006)..
INFO: 01/25/2021 09:48:18 AM MESSAGE: Un-assigning Element ION-SPOKE-3k(a28d1542-f610-abd1-c741-97a1cd6d0045) bound to 16115679349080006.
INFO: 01/25/2021 09:48:18 AM MESSAGE:  Removing LAN Networks/WAN Interfaces from 3.
INFO: 01/25/2021 09:48:19 AM MESSAGE:  Removing LAN Networks/WAN Interfaces from 1.
INFO: 01/25/2021 09:48:19 AM MESSAGE:  Removing LAN Networks/WAN Interfaces from 6.
INFO: 01/25/2021 09:48:20 AM MESSAGE:  Removing LAN Networks/WAN Interfaces from 4.
INFO: 01/25/2021 09:48:20 AM MESSAGE:  Removing LAN Networks/WAN Interfaces from controller 1.
INFO: 01/25/2021 09:48:21 AM MESSAGE:  Removing LAN Networks/WAN Interfaces from 5.
INFO: 01/25/2021 09:48:21 AM MESSAGE:  Removing LAN Networks/WAN Interfaces from 2.
INFO: 01/25/2021 09:48:21 AM MESSAGE:  Removing any leftover Element Security Zones and Spoke HA from ION-SPOKE-3k:
INFO: 01/25/2021 09:48:23 AM MESSAGE:    No Change for Spoke HA in Element ION-SPOKE-3k.
INFO: 01/25/2021 09:48:24 AM MESSAGE:  Deleting Unconfigured Waninterface Circuit to AIRTEL-boradband-network1.
INFO: 01/25/2021 09:48:26 AM MESSAGE: Disabling site..
INFO: 01/25/2021 09:48:27 AM MESSAGE: Updated Site Bangalore to state disabled.
INFO: 01/25/2021 09:48:29 AM MESSAGE: Deleting Site Bangalore..
INFO: 01/25/2021 09:48:32 AM MESSAGE: DONE
INFO: 01/25/2021 09:49:16 AM MESSAGE: Beginning to DESTROY site Bangalore(16115681322350068)..
INFO: 01/25/2021 09:49:16 AM MESSAGE: Un-assigning Element ION-SPOKE-3k(a28d1542-f610-abd1-c741-97a1cd6d0045) bound to 16115681322350068.
INFO: 01/25/2021 09:49:17 AM MESSAGE:  Removing LAN Networks/WAN Interfaces from 3.
INFO: 01/25/2021 09:50:09 AM MESSAGE: Beginning to DESTROY site Bangalore(16115681322350068)..
INFO: 01/25/2021 09:50:09 AM MESSAGE: Un-assigning Element ION-SPOKE-3k(a28d1542-f610-abd1-c741-97a1cd6d0045) bound to 16115681322350068.
INFO: 01/25/2021 09:50:09 AM MESSAGE:  Removing LAN Networks/WAN Interfaces from 3.
INFO: 01/25/2021 09:52:48 AM MESSAGE: Beginning to DESTROY site Bangalore(16115681322350068)..
INFO: 01/25/2021 09:52:48 AM MESSAGE: Un-assigning Element ION-SPOKE-3k(a28d1542-f610-abd1-c741-97a1cd6d0045) bound to 16115681322350068.
INFO: 01/25/2021 09:52:48 AM MESSAGE:  Removing LAN Networks/WAN Interfaces from 3.
INFO: 01/25/2021 09:52:49 AM MESSAGE:  Removing LAN Networks/WAN Interfaces from 6.
INFO: 01/25/2021 09:52:49 AM MESSAGE:  Removing LAN Networks/WAN Interfaces from 4.
INFO: 01/25/2021 09:52:50 AM MESSAGE:  Removing LAN Networks/WAN Interfaces from controller 1.
INFO: 01/25/2021 09:52:51 AM MESSAGE:  Removing LAN Networks/WAN Interfaces from 5.1001.
INFO: 01/25/2021 09:52:51 AM MESSAGE:  Removing LAN Networks/WAN Interfaces from 5.
INFO: 01/25/2021 09:52:52 AM MESSAGE:  Removing LAN Networks/WAN Interfaces from 1.
INFO: 01/25/2021 09:52:52 AM MESSAGE:  Removing LAN Networks/WAN Interfaces from 2.
INFO: 01/25/2021 09:52:53 AM MESSAGE:  Removing any leftover Element Security Zones and Spoke HA from ION-SPOKE-3k:
INFO: 01/25/2021 09:52:53 AM MESSAGE:    No Change for Spoke HA in Element ION-SPOKE-3k.
INFO: 01/25/2021 09:52:54 AM MESSAGE:  Deleting Unconfigured Waninterface Circuit to AIRTEL-boradband-network1.
INFO: 01/25/2021 09:52:55 AM MESSAGE: Disabling site..
INFO: 01/25/2021 09:52:55 AM MESSAGE: Updated Site Bangalore to state disabled.
INFO: 01/25/2021 09:52:56 AM MESSAGE:   Element ION-SPOKE-3k not yet in requested state(s): ready, declaim_in_progress (is unbound_in_progress). Waited so far 0 seconds out of 5.
ERROR: 01/25/2021 09:53:02 AM ERROR: Element ION-SPOKE-3k state transition took longer than 5 seconds. Exiting.
INFO: 01/25/2021 09:54:27 AM MESSAGE: Beginning to DESTROY site Bangalore(16115681322350068)..
INFO: 01/25/2021 09:54:27 AM MESSAGE: Un-assigning Element ION-SPOKE-3k(a28d1542-f610-abd1-c741-97a1cd6d0045) bound to 16115681322350068.
INFO: 01/25/2021 09:54:27 AM MESSAGE:  Removing LAN Networks/WAN Interfaces from 3.
INFO: 01/25/2021 09:55:17 AM MESSAGE: Beginning to DESTROY site Bangalore(16115681322350068)..
INFO: 01/25/2021 09:55:18 AM MESSAGE: Un-assigning Element ION-SPOKE-3k(a28d1542-f610-abd1-c741-97a1cd6d0045) bound to 16115681322350068.
INFO: 01/25/2021 09:55:18 AM MESSAGE:  Removing LAN Networks/WAN Interfaces from 3.
INFO: 01/25/2021 09:56:07 AM MESSAGE: Beginning to DESTROY site Bangalore(16115681322350068)..
INFO: 01/25/2021 09:56:08 AM MESSAGE: Un-assigning Element ION-SPOKE-3k(a28d1542-f610-abd1-c741-97a1cd6d0045) bound to 16115681322350068.
INFO: 01/25/2021 09:56:08 AM MESSAGE:  Removing LAN Networks/WAN Interfaces from 3.
