INFO: 01/25/2021 08:47:07 AM MESSAGE: Created Site Bangalore.
INFO: 01/25/2021 08:47:09 AM MESSAGE:  Created waninterface Circuit to AIRTEL-boradband-network1.
INFO: 01/25/2021 08:47:09 AM MESSAGE:  Created dhcpserver for 192.168.150.0/24.
INFO: 01/25/2021 08:47:10 AM MESSAGE:  Element: Code is at correct version 5.4.3-b9.
INFO: 01/25/2021 08:47:10 AM MESSAGE:   Assigning Element ION-SPOKE-3k.
INFO: 01/25/2021 08:47:11 AM MESSAGE:   Element ION-SPOKE-3k not yet in requested state(s): bound (is bound_in_progress). Waited so far 0 seconds out of 5.
ERROR: 01/25/2021 08:47:17 AM ERROR: Element ION-SPOKE-3k state transition took longer than 5 seconds. Exiting.
INFO: 01/25/2021 08:47:52 AM MESSAGE: No Change for Site Bangalore.
INFO: 01/25/2021 08:47:53 AM MESSAGE:  No Change for Waninterface Circuit to AIRTEL-boradband-network1.
INFO: 01/25/2021 08:47:54 AM MESSAGE:  No Change for Dhcpserver for 192.168.150.0/24.
INFO: 01/25/2021 08:47:56 AM MESSAGE:  Element: Code is at correct version 5.4.3-b9.
INFO: 01/25/2021 08:47:56 AM MESSAGE:   No Change for Element ION-SPOKE-3k.
INFO: 01/25/2021 08:47:57 AM MESSAGE:    Setting Subinterface parent for 5.1001 to default.
INFO: 01/25/2021 08:47:58 AM MESSAGE:    Updated Interface 5 (Etag 14 -> 15).
INFO: 01/25/2021 08:48:00 AM MESSAGE:    Created interface 5.1001.
INFO: 01/25/2021 08:48:02 AM MESSAGE:    Updated Interface 1 (Etag 16 -> 17).
INFO: 01/25/2021 08:48:02 AM MESSAGE:    Updated Interface 2 (Etag 15 -> 16).
INFO: 01/25/2021 08:48:02 AM MESSAGE:    No Change for Interface 3.
INFO: 01/25/2021 08:48:06 AM MESSAGE:    No Change for Interface 4.
INFO: 01/25/2021 08:48:08 AM MESSAGE:    No Change for Interface 6.
INFO: 01/25/2021 08:48:08 AM MESSAGE:    No Change for Interface controller 1.
INFO: 01/25/2021 08:48:09 AM MESSAGE:    No Change for Spoke HA in Element ION-SPOKE-3k.
INFO: 01/25/2021 08:48:11 AM MESSAGE:    No Change for BGP Global Config 16115644366340149.
INFO: 01/25/2021 08:48:13 AM MESSAGE:    No Change for NTP 16091366550820006.
INFO: 01/25/2021 08:48:14 AM MESSAGE:    No Change for Toolkit 16091366715210050.
INFO: 01/25/2021 08:48:15 AM MESSAGE: No Change for Site Bangalore state (active).
INFO: 01/25/2021 08:48:16 AM MESSAGE: DONE
INFO: 01/25/2021 08:48:47 AM MESSAGE: No Change for Site Bangalore.
INFO: 01/25/2021 08:48:48 AM MESSAGE:  No Change for Waninterface Circuit to AIRTEL-boradband-network1.
INFO: 01/25/2021 08:48:52 AM MESSAGE:  No Change for Dhcpserver for 192.168.150.0/24.
INFO: 01/25/2021 08:48:54 AM MESSAGE:  Element: Code is at correct version 5.4.3-b9.
INFO: 01/25/2021 08:48:54 AM MESSAGE:   No Change for Element ION-SPOKE-3k.
INFO: 01/25/2021 08:48:54 AM MESSAGE:    No Change for Interface 5.1001.
INFO: 01/25/2021 08:48:55 AM MESSAGE:    No Change for Interface 1.
INFO: 01/25/2021 08:48:55 AM MESSAGE:    No Change for Interface 2.
INFO: 01/25/2021 08:48:56 AM MESSAGE:    No Change for Interface 3.
INFO: 01/25/2021 08:48:56 AM MESSAGE:    No Change for Interface 4.
INFO: 01/25/2021 08:48:56 AM MESSAGE:    No Change for Interface 6.
INFO: 01/25/2021 08:48:57 AM MESSAGE:    No Change for Interface controller 1.
INFO: 01/25/2021 08:48:59 AM MESSAGE:    No Change for Spoke HA in Element ION-SPOKE-3k.
INFO: 01/25/2021 08:48:59 AM MESSAGE:    No Change for BGP Global Config 16115644366340149.
INFO: 01/25/2021 08:49:03 AM MESSAGE:    No Change for NTP 16091366550820006.
INFO: 01/25/2021 08:49:03 AM MESSAGE:    No Change for Toolkit 16091366715210050.
INFO: 01/25/2021 08:49:03 AM MESSAGE: No Change for Site Bangalore state (active).
INFO: 01/25/2021 08:49:03 AM MESSAGE: DONE
INFO: 01/25/2021 08:50:37 AM MESSAGE: No Change for Site Bangalore.
INFO: 01/25/2021 08:50:37 AM MESSAGE:  No Change for Waninterface Circuit to AIRTEL-boradband-network1.
INFO: 01/25/2021 08:50:39 AM MESSAGE:  No Change for Dhcpserver for 192.168.150.0/24.
INFO: 01/25/2021 08:50:40 AM MESSAGE:  Element: Code is at correct version 5.4.3-b9.
INFO: 01/25/2021 08:50:40 AM MESSAGE:   No Change for Element ION-SPOKE-3k.
INFO: 01/25/2021 08:50:41 AM MESSAGE:    No Change for Interface 5.1001.
INFO: 01/25/2021 08:50:44 AM MESSAGE:    No Change for Interface 1.
INFO: 01/25/2021 08:50:45 AM MESSAGE:    No Change for Interface 2.
INFO: 01/25/2021 08:50:45 AM MESSAGE:    No Change for Interface 3.
INFO: 01/25/2021 08:50:46 AM MESSAGE:    No Change for Interface 4.
INFO: 01/25/2021 08:50:49 AM MESSAGE:    No Change for Interface 6.
INFO: 01/25/2021 08:50:51 AM MESSAGE:    No Change for Interface controller 1.
INFO: 01/25/2021 08:50:51 AM MESSAGE:    No Change for Spoke HA in Element ION-SPOKE-3k.
INFO: 01/25/2021 08:50:52 AM MESSAGE:    No Change for BGP Global Config 16115644366340149.
INFO: 01/25/2021 08:50:52 AM MESSAGE:    No Change for NTP 16091366550820006.
INFO: 01/25/2021 08:50:53 AM MESSAGE:    No Change for Toolkit 16091366715210050.
INFO: 01/25/2021 08:50:54 AM MESSAGE: No Change for Site Bangalore state (active).
INFO: 01/25/2021 08:50:54 AM MESSAGE: DONE
INFO: 01/25/2021 09:16:02 AM MESSAGE: Created Site Bangalore.
INFO: 01/25/2021 09:16:06 AM MESSAGE:  Created waninterface Circuit to AIRTEL-boradband-network1.
INFO: 01/25/2021 09:16:07 AM MESSAGE:  Created dhcpserver for 192.168.150.0/24.
INFO: 01/25/2021 09:16:09 AM MESSAGE:  Element: Code is at correct version 5.4.3-b9.
INFO: 01/25/2021 09:16:09 AM MESSAGE:   Assigning Element ION-SPOKE-3k.
INFO: 01/25/2021 09:16:11 AM MESSAGE:   Element ION-SPOKE-3k not yet in requested state(s): bound (is bound_in_progress). Waited so far 0 seconds out of 5.
ERROR: 01/25/2021 09:16:17 AM ERROR: Element ION-SPOKE-3k state transition took longer than 5 seconds. Exiting.
